  [1m[35m (299.0ms)[0m  [1m[35mCREATE DATABASE "MusicApp_development" ENCODING = 'unicode'[0m
  [1m[35m (203.2ms)[0m  [1m[35mCREATE DATABASE "MusicApp_test" ENCODING = 'unicode'[0m
  [1m[35m (12.6ms)[0m  [1m[35mCREATE TABLE "schema_migrations" ("version" character varying NOT NULL PRIMARY KEY)[0m
  [1m[35m (2.6ms)[0m  [1m[35mCREATE TABLE "ar_internal_metadata" ("key" character varying NOT NULL PRIMARY KEY, "value" character varying, "created_at" timestamp(6) NOT NULL, "updated_at" timestamp(6) NOT NULL)[0m
  [1m[35m (0.2ms)[0m  [1m[34mSELECT pg_try_advisory_lock(1555902080779534005)[0m
  [1m[36mActiveRecord::SchemaMigration Pluck (0.8ms)[0m  [1m[34mSELECT "schema_migrations"."version" FROM "schema_migrations" ORDER BY "schema_migrations"."version" ASC[0m
Migrating to CreateUsers (20230418175432)
  [1m[36mTRANSACTION (0.1ms)[0m  [1m[35mBEGIN[0m
  [1m[35m (4.2ms)[0m  [1m[35mCREATE TABLE "users" ("id" bigserial primary key, "email" character varying NOT NULL, "password_digest" character varying NOT NULL, "session_token" character varying NOT NULL, "created_at" timestamp(6) NOT NULL, "updated_at" timestamp(6) NOT NULL)[0m
  [1m[35m (1.2ms)[0m  [1m[35mCREATE INDEX "index_users_on_email" ON "users" ("email")[0m
  [1m[35m (0.9ms)[0m  [1m[35mCREATE INDEX "index_users_on_session_token" ON "users" ("session_token")[0m
  [1m[36mActiveRecord::SchemaMigration Create (2.9ms)[0m  [1m[32mINSERT INTO "schema_migrations" ("version") VALUES ($1) RETURNING "version"[0m  [["version", "20230418175432"]]
  [1m[36mTRANSACTION (1.0ms)[0m  [1m[35mCOMMIT[0m
  [1m[36mActiveRecord::InternalMetadata Load (0.3ms)[0m  [1m[34mSELECT "ar_internal_metadata".* FROM "ar_internal_metadata" WHERE "ar_internal_metadata"."key" = $1 LIMIT $2[0m  [["key", "environment"], ["LIMIT", 1]]
  [1m[36mTRANSACTION (0.2ms)[0m  [1m[35mBEGIN[0m
  [1m[36mActiveRecord::InternalMetadata Create (1.2ms)[0m  [1m[32mINSERT INTO "ar_internal_metadata" ("key", "value", "created_at", "updated_at") VALUES ($1, $2, $3, $4) RETURNING "key"[0m  [["key", "environment"], ["value", "development"], ["created_at", "2023-04-18 17:58:54.051858"], ["updated_at", "2023-04-18 17:58:54.051858"]]
  [1m[36mTRANSACTION (0.3ms)[0m  [1m[35mCOMMIT[0m
  [1m[35m (0.2ms)[0m  [1m[34mSELECT pg_advisory_unlock(1555902080779534005)[0m
  [1m[36mActiveRecord::SchemaMigration Pluck (0.4ms)[0m  [1m[34mSELECT "schema_migrations"."version" FROM "schema_migrations" ORDER BY "schema_migrations"."version" ASC[0m
Started GET "/" for ::1 at 2023-04-18 16:13:45 -0400
  [1m[36mActiveRecord::SchemaMigration Pluck (2.5ms)[0m  [1m[34mSELECT "schema_migrations"."version" FROM "schema_migrations" ORDER BY "schema_migrations"."version" ASC[0m
Processing by Rails::WelcomeController#index as HTML
  Rendering /Users/amirlamrabat/.rbenv/versions/3.1.1/lib/ruby/gems/3.1.0/gems/railties-7.0.4.3/lib/rails/templates/rails/welcome/index.html.erb
  Rendered /Users/amirlamrabat/.rbenv/versions/3.1.1/lib/ruby/gems/3.1.0/gems/railties-7.0.4.3/lib/rails/templates/rails/welcome/index.html.erb (Duration: 1.9ms | Allocations: 526)
Completed 200 OK in 14ms (Views: 6.8ms | ActiveRecord: 0.0ms | Allocations: 2810)


Started GET "/users/new" for ::1 at 2023-04-18 16:13:54 -0400
Processing by UsersController#new as HTML
Completed 500 Internal Server Error in 24ms (ActiveRecord: 5.5ms | Allocations: 7677)



ActionView::MissingTemplate - Missing template users/new, application/new with {:locale=>[:en], :formats=>[:html], :variants=>[], :handlers=>[:raw, :erb, :html, :builder, :ruby]}.
Searched in:
  * "/Users/amirlamrabat/Desktop/WEEK7_D2/MusicApp/app/views"
Did you mean?  sessions/new
               layouts/application:
  app/controllers/users_controller.rb:6:in `new'

Started POST "/__better_errors/26667a5dd24072a6/variables" for ::1 at 2023-04-18 16:13:54 -0400
Started GET "/users/session" for ::1 at 2023-04-18 16:13:58 -0400

AbstractController::ActionNotFound - The action 'show' could not be found for UsersController:

Started POST "/__better_errors/0a8a7320e0fd03ed/variables" for ::1 at 2023-04-18 16:13:58 -0400
Started GET "/session" for ::1 at 2023-04-18 16:14:07 -0400
  
ActionController::RoutingError (No route matches [GET] "/session"):
  
Started GET "/sessions" for ::1 at 2023-04-18 16:14:34 -0400
  
ActionController::RoutingError (No route matches [GET] "/sessions"):
  
Started GET "/session" for ::1 at 2023-04-18 16:14:37 -0400
  
ActionController::RoutingError (No route matches [GET] "/session"):
  
Started GET "/session/new" for ::1 at 2023-04-18 16:15:37 -0400
  [1m[36mActiveRecord::SchemaMigration Pluck (0.5ms)[0m  [1m[34mSELECT "schema_migrations"."version" FROM "schema_migrations" ORDER BY "schema_migrations"."version" ASC[0m
Processing by SessionsController#new as HTML
Completed 500 Internal Server Error in 6ms (ActiveRecord: 0.0ms | Allocations: 3351)



NoMethodError - undefined method `logged_in?' for #<SessionsController:0x000000000040d8>
        redirect_to users_url if logged_in?
                                 ^^^^^^^^^^
Did you mean?  logged_out:
  app/controllers/application_controller.rb:14:in `require_logged_out'

Started POST "/__better_errors/c0a8901078537350/variables" for ::1 at 2023-04-18 16:15:37 -0400
Started GET "/session/new" for ::1 at 2023-04-18 16:18:25 -0400
  [1m[36mActiveRecord::SchemaMigration Pluck (0.7ms)[0m  [1m[34mSELECT "schema_migrations"."version" FROM "schema_migrations" ORDER BY "schema_migrations"."version" ASC[0m

SyntaxError - syntax error, unexpected '?', expecting ';' or '\n'
    def logged_in!?
                  ^
/Users/amirlamrabat/Desktop/WEEK7_D2/MusicApp/app/controllers/application_controller.rb:35: syntax error, unexpected `end', expecting end-of-input:
  app/controllers/application_controller.rb:21:in `'
  app/controllers/sessions_controller.rb:1:in `<top (required)>'

Started POST "/__better_errors/6415c89ea83c7e5a/variables" for ::1 at 2023-04-18 16:18:25 -0400
Started GET "/session/new" for ::1 at 2023-04-18 16:18:49 -0400
  [1m[36mActiveRecord::SchemaMigration Pluck (0.5ms)[0m  [1m[34mSELECT "schema_migrations"."version" FROM "schema_migrations" ORDER BY "schema_migrations"."version" ASC[0m
Processing by SessionsController#new as HTML
  [1m[36mUser Load (2.2ms)[0m  [1m[34mSELECT "users".* FROM "users" WHERE "users"."session_token" IS NULL LIMIT $1[0m  [["LIMIT", 1]]
  ↳ app/controllers/application_controller.rb:6:in `current_user'
  Rendering layout layouts/application.html.erb
  Rendering sessions/new.html.erb within layouts/application
  Rendered sessions/new.html.erb within layouts/application (Duration: 20.3ms | Allocations: 6749)
  Rendered layout layouts/application.html.erb (Duration: 20.7ms | Allocations: 6859)
Completed 500 Internal Server Error in 70ms (ActiveRecord: 6.8ms | Allocations: 17498)



NoMethodError - undefined method `username' for #<User id: nil, email: nil, password_digest: nil, session_token: nil, created_at: nil, updated_at: nil>:
  app/views/sessions/new.html.erb:7
  app/controllers/sessions_controller.rb:8:in `new'

Started POST "/__better_errors/0f39906ba43ba71c/variables" for ::1 at 2023-04-18 16:18:50 -0400
Started GET "/session/new" for ::1 at 2023-04-18 16:20:44 -0400
  [1m[36mActiveRecord::SchemaMigration Pluck (0.6ms)[0m  [1m[34mSELECT "schema_migrations"."version" FROM "schema_migrations" ORDER BY "schema_migrations"."version" ASC[0m
Processing by SessionsController#new as HTML
  [1m[36mUser Load (0.5ms)[0m  [1m[34mSELECT "users".* FROM "users" WHERE "users"."session_token" IS NULL LIMIT $1[0m  [["LIMIT", 1]]
  ↳ app/controllers/application_controller.rb:6:in `current_user'
  Rendering layout layouts/application.html.erb
  Rendering sessions/new.html.erb within layouts/application
  Rendered sessions/new.html.erb within layouts/application (Duration: 1.3ms | Allocations: 412)
  Rendered layout layouts/application.html.erb (Duration: 42.2ms | Allocations: 6731)
Completed 200 OK in 77ms (Views: 50.3ms | ActiveRecord: 6.8ms | Allocations: 17431)


Started GET "/session/new" for ::1 at 2023-04-18 16:32:04 -0400
  [1m[36mActiveRecord::SchemaMigration Pluck (0.6ms)[0m  [1m[34mSELECT "schema_migrations"."version" FROM "schema_migrations" ORDER BY "schema_migrations"."version" ASC[0m
Processing by SessionsController#new as HTML
  [1m[36mUser Load (0.4ms)[0m  [1m[34mSELECT "users".* FROM "users" WHERE "users"."session_token" IS NULL LIMIT $1[0m  [["LIMIT", 1]]
  ↳ app/controllers/application_controller.rb:6:in `current_user'
  Rendering layout layouts/application.html.erb
  Rendering sessions/new.html.erb within layouts/application
  Rendered sessions/new.html.erb within layouts/application (Duration: 1.7ms | Allocations: 412)
  Rendered layout layouts/application.html.erb (Duration: 5.1ms | Allocations: 2852)
Completed 500 Internal Server Error in 36ms (ActiveRecord: 5.1ms | Allocations: 13644)



ActionView::SyntaxErrorInTemplate - Encountered a syntax error while rendering template: check <!DOCTYPE html>
<html>
  <head>
    <title>MusicApp</title>
    <meta name="viewport" content="width=device-width,initial-scale=1">
    <%= csrf_meta_tags %>
    <%= csp_meta_tag %>
    <%= stylesheet_link_tag "application" %>
  </head>
  <body>
  <%if logged_in?%>
   <h2>welcome , <%= current_user.email</h2>
   <form action="<%=session_url%>" method = "POST">
   <input type= "hidden", name= "_method", value= "DELETE">
   <input type= "submit" value = "Logout">
   </form>
   <%else%>
   <a href="<%= new_user_url %>">Sign Up</a>
   <a href="<%= new_session_url %>">Login</a>
  <%end%>
    <%= yield %>
  </body>
</html>:
  app/controllers/sessions_controller.rb:8:in `new'

Started POST "/__better_errors/501dc9710eaec2f1/variables" for ::1 at 2023-04-18 16:32:05 -0400
Started GET "/session/new" for ::1 at 2023-04-18 16:32:43 -0400
Processing by SessionsController#new as HTML
  [1m[36mUser Load (0.2ms)[0m  [1m[34mSELECT "users".* FROM "users" WHERE "users"."session_token" IS NULL LIMIT $1[0m  [["LIMIT", 1]]
  ↳ app/controllers/application_controller.rb:6:in `current_user'
  Rendering layout layouts/application.html.erb
  Rendering sessions/new.html.erb within layouts/application
  Rendered sessions/new.html.erb within layouts/application (Duration: 0.3ms | Allocations: 164)
  Rendered layout layouts/application.html.erb (Duration: 1.5ms | Allocations: 1892)
Completed 500 Internal Server Error in 5ms (ActiveRecord: 0.2ms | Allocations: 3705)



ActionView::SyntaxErrorInTemplate - Encountered a syntax error while rendering template: check <!DOCTYPE html>
<html>
  <head>
    <title>MusicApp</title>
    <meta name="viewport" content="width=device-width,initial-scale=1">
    <%= csrf_meta_tags %>
    <%= csp_meta_tag %>
    <%= stylesheet_link_tag "application" %>
  </head>
  <body>
  <%if logged_in?%>
   <h2>welcome , <%= current_user.email</h2>
   <form action="<%=session_url%>" method= "POST">
   <input type= "hidden", name= "_method", value= "DELETE">
   <input type= "submit", value = "Logout">
   </form>
   <%else%>
   <a href="<%= new_user_url %>">Sign Up</a>
   <a href="<%= new_session_url %>">Login</a>
  <%end%>
    <%= yield %>
  </body>
</html>:
  app/controllers/sessions_controller.rb:8:in `new'

Started POST "/__better_errors/1e5ce16b376f67db/variables" for ::1 at 2023-04-18 16:32:43 -0400
Started GET "/" for ::1 at 2023-04-18 16:34:25 -0400
Processing by Rails::WelcomeController#index as HTML
  Rendering /Users/amirlamrabat/.rbenv/versions/3.1.1/lib/ruby/gems/3.1.0/gems/railties-7.0.4.3/lib/rails/templates/rails/welcome/index.html.erb
  Rendered /Users/amirlamrabat/.rbenv/versions/3.1.1/lib/ruby/gems/3.1.0/gems/railties-7.0.4.3/lib/rails/templates/rails/welcome/index.html.erb (Duration: 1.1ms | Allocations: 285)
Completed 200 OK in 14ms (Views: 2.8ms | ActiveRecord: 0.0ms | Allocations: 1109)


Started GET "/session/new" for ::1 at 2023-04-18 16:34:29 -0400
Processing by SessionsController#new as HTML
  [1m[36mUser Load (0.6ms)[0m  [1m[34mSELECT "users".* FROM "users" WHERE "users"."session_token" IS NULL LIMIT $1[0m  [["LIMIT", 1]]
  ↳ app/controllers/application_controller.rb:6:in `current_user'
  Rendering layout layouts/application.html.erb
  Rendering sessions/new.html.erb within layouts/application
  Rendered sessions/new.html.erb within layouts/application (Duration: 0.9ms | Allocations: 161)
  Rendered layout layouts/application.html.erb (Duration: 2.4ms | Allocations: 1887)
Completed 500 Internal Server Error in 10ms (ActiveRecord: 0.6ms | Allocations: 3692)



ActionView::SyntaxErrorInTemplate - Encountered a syntax error while rendering template: check <!DOCTYPE html>
<html>
  <head>
    <title>MusicApp</title>
    <meta name="viewport" content="width=device-width,initial-scale=1">
    <%= csrf_meta_tags %>
    <%= csp_meta_tag %>
    <%= stylesheet_link_tag "application" %>
  </head>
  <body>
  <%if logged_in?%>
   <h2>welcome , <%= current_user.email</h2>
   <form action="<%=session_url%>" method= "POST">
   <input type= "hidden" name= "_method" value= "DELETE">
   <input type= "submit" value = "Logout">
   </form>
   <%else%>
   <a href="<%= new_user_url %>">Sign Up</a>
   <a href="<%= new_session_url %>">Login</a>
  <%end%>
    <%= yield %>
  </body>
</html>:
  app/controllers/sessions_controller.rb:8:in `new'

Started POST "/__better_errors/65b398765482ff25/variables" for ::1 at 2023-04-18 16:34:29 -0400
Started GET "/session" for ::1 at 2023-04-18 16:34:41 -0400
  
ActionController::RoutingError (No route matches [GET] "/session"):
  
Started GET "/session/new" for ::1 at 2023-04-18 16:34:44 -0400
Processing by SessionsController#new as HTML
  [1m[36mUser Load (1.6ms)[0m  [1m[34mSELECT "users".* FROM "users" WHERE "users"."session_token" IS NULL LIMIT $1[0m  [["LIMIT", 1]]
  ↳ app/controllers/application_controller.rb:6:in `current_user'
  Rendering layout layouts/application.html.erb
  Rendering sessions/new.html.erb within layouts/application
  Rendered sessions/new.html.erb within layouts/application (Duration: 0.1ms | Allocations: 9)
  Rendered layout layouts/application.html.erb (Duration: 3.8ms | Allocations: 1714)
Completed 500 Internal Server Error in 8ms (ActiveRecord: 1.6ms | Allocations: 3010)



ActionView::SyntaxErrorInTemplate - Encountered a syntax error while rendering template: check <!DOCTYPE html>
<html>
  <head>
    <title>MusicApp</title>
    <meta name="viewport" content="width=device-width,initial-scale=1">
    <%= csrf_meta_tags %>
    <%= csp_meta_tag %>
    <%= stylesheet_link_tag "application" %>
  </head>
  <body>
  <%if logged_in?%>
   <h2>welcome , <%= current_user.email</h2>
   <form action="<%=session_url%>" method= "POST">
   <input type= "hidden" name= "_method" value= "DELETE">
   <input type= "submit" value = "Logout">
   </form>
   <%else%>
   <a href="<%= new_user_url %>">Sign Up</a>
   <a href="<%= new_session_url %>">Login</a>
  <%end%>
    <%= yield %>
  </body>
</html>:
  app/controllers/sessions_controller.rb:8:in `new'

Started POST "/__better_errors/817f86db63c18241/variables" for ::1 at 2023-04-18 16:34:44 -0400
Started GET "/session/new" for ::1 at 2023-04-18 16:35:04 -0400
Processing by SessionsController#new as HTML
  [1m[36mUser Load (0.7ms)[0m  [1m[34mSELECT "users".* FROM "users" WHERE "users"."session_token" IS NULL LIMIT $1[0m  [["LIMIT", 1]]
  ↳ app/controllers/application_controller.rb:6:in `current_user'
  Rendering layout layouts/application.html.erb
  Rendering sessions/new.html.erb within layouts/application
  Rendered sessions/new.html.erb within layouts/application (Duration: 0.6ms | Allocations: 161)
  Rendered layout layouts/application.html.erb (Duration: 2.4ms | Allocations: 1887)
Completed 500 Internal Server Error in 7ms (ActiveRecord: 0.7ms | Allocations: 3689)



ActionView::SyntaxErrorInTemplate - Encountered a syntax error while rendering template: check <!DOCTYPE html>
<html>
  <head>
    <title>MusicApp</title>
    <meta name="viewport" content="width=device-width,initial-scale=1">
    <%= csrf_meta_tags %>
    <%= csp_meta_tag %>
    <%= stylesheet_link_tag "application" %>
  </head>
  <body>
  <%if logged_in?%>
   <h2>welcome , <%= current_user.email</h2>
   <form action="<%=session_url%>" method= "POST">
   <input type= "hidden" name= "_method" value= "DELETE">
   <input type= "submit" value = "Logout">
   </form>
   <%else%>
   <a href="<%= new_user_url %>">Sign Up</a>
   <a href="<%= new_session_url %>">Login</a>
  <%end%>
    <%= yield %>
  </body>
</html>:
  app/controllers/sessions_controller.rb:8:in `new'

Started POST "/__better_errors/1fc7fa8655749079/variables" for ::1 at 2023-04-18 16:35:04 -0400
Started GET "/session/new" for ::1 at 2023-04-18 16:35:06 -0400
Processing by SessionsController#new as HTML
  [1m[36mUser Load (0.4ms)[0m  [1m[34mSELECT "users".* FROM "users" WHERE "users"."session_token" IS NULL LIMIT $1[0m  [["LIMIT", 1]]
  ↳ app/controllers/application_controller.rb:6:in `current_user'
  Rendering layout layouts/application.html.erb
  Rendering sessions/new.html.erb within layouts/application
  Rendered sessions/new.html.erb within layouts/application (Duration: 0.1ms | Allocations: 12)
  Rendered layout layouts/application.html.erb (Duration: 1.5ms | Allocations: 1736)
Completed 500 Internal Server Error in 5ms (ActiveRecord: 0.4ms | Allocations: 3073)



ActionView::SyntaxErrorInTemplate - Encountered a syntax error while rendering template: check <!DOCTYPE html>
<html>
  <head>
    <title>MusicApp</title>
    <meta name="viewport" content="width=device-width,initial-scale=1">
    <%= csrf_meta_tags %>
    <%= csp_meta_tag %>
    <%= stylesheet_link_tag "application" %>
  </head>
  <body>
  <%if logged_in?%>
   <h2>welcome , <%= current_user.email</h2>
   <form action="<%=session_url%>" method= "POST">
   <input type= "hidden" name= "_method" value= "DELETE">
   <input type= "submit" value = "Logout">
   </form>
   <%else%>
   <a href="<%= new_user_url %>">Sign Up</a>
   <a href="<%= new_session_url %>">Login</a>
  <%end%>
    <%= yield %>
  </body>
</html>:
  app/controllers/sessions_controller.rb:8:in `new'

Started POST "/__better_errors/962d65830b8fa818/variables" for ::1 at 2023-04-18 16:35:06 -0400
Started GET "/session/new" for ::1 at 2023-04-18 16:36:16 -0400
Processing by SessionsController#new as HTML
  [1m[36mUser Load (0.9ms)[0m  [1m[34mSELECT "users".* FROM "users" WHERE "users"."session_token" IS NULL LIMIT $1[0m  [["LIMIT", 1]]
  ↳ app/controllers/application_controller.rb:6:in `current_user'
  Rendering layout layouts/application.html.erb
  Rendering sessions/new.html.erb within layouts/application
  Rendered sessions/new.html.erb within layouts/application (Duration: 0.1ms | Allocations: 18)
  Rendered layout layouts/application.html.erb (Duration: 1.5ms | Allocations: 1760)
Completed 500 Internal Server Error in 20ms (ActiveRecord: 11.1ms | Allocations: 6249)



ActionView::SyntaxErrorInTemplate - Encountered a syntax error while rendering template: check <!DOCTYPE html>
<html>
  <head>
    <title>MusicApp</title>
    <meta name="viewport" content="width=device-width,initial-scale=1">
    <%= csrf_meta_tags %>
    <%= csp_meta_tag %>
    <%= stylesheet_link_tag "application" %>
  </head>
  <body>
  <%if logged_in?%>
   <h2>welcome , <%= current_user.email</h2>
   <form action="<%=session_url%>" method= "POST">
   <input type= "hidden" name= "_method" value= "DELETE">
   <input type= "submit" value = "Logout">
   </form>
   <%else%>
   <a href="<%= new_user_url %>">Sign Up</a>
   <a href="<%= new_session_url %>">Login</a>
  <%end%>
    <%= yield %>
  </body>
</html>:
  app/controllers/sessions_controller.rb:8:in `new'

Started POST "/__better_errors/e3e04e6cb757b165/variables" for ::1 at 2023-04-18 16:36:16 -0400
Started GET "/session/new" for ::1 at 2023-04-18 16:38:57 -0400
Processing by SessionsController#new as HTML
  [1m[36mUser Load (0.1ms)[0m  [1m[34mSELECT "users".* FROM "users" WHERE "users"."session_token" IS NULL LIMIT $1[0m  [["LIMIT", 1]]
  ↳ app/controllers/application_controller.rb:6:in `current_user'
  Rendering layout layouts/application.html.erb
  Rendering sessions/new.html.erb within layouts/application
  Rendered sessions/new.html.erb within layouts/application (Duration: 1.3ms | Allocations: 164)
  Rendered layout layouts/application.html.erb (Duration: 3.1ms | Allocations: 1892)
Completed 500 Internal Server Error in 15ms (ActiveRecord: 2.6ms | Allocations: 6586)



ActionView::SyntaxErrorInTemplate - Encountered a syntax error while rendering template: check <!DOCTYPE html>
<html>
  <head>
    <title>MusicApp</title>
    <meta name="viewport" content="width=device-width,initial-scale=1">
    <%= csrf_meta_tags %>
    <%= csp_meta_tag %>
    <%= stylesheet_link_tag "application" %>
  </head>
  <body>
  <%if logged_in?%>
   <h2>welcome , <%= current_user.email</h2>
   <form action="<%=session_url%>" method= "POST">
   <input type= "hidden" name= "_method" value= "DELETE">
   <input type= "submit" value = "Logout">
   </form>
   <%else%>
   <a href="<%= new_user_url %>">Sign Up</a>
   <a href="<%= new_session_url %>">Login</a>
  <%end%>
  <%= yield %>
  </body>
</html>:
  app/controllers/sessions_controller.rb:8:in `new'

Started POST "/__better_errors/cc2a370408d566b0/variables" for ::1 at 2023-04-18 16:38:57 -0400
Started GET "/session/new" for ::1 at 2023-04-18 16:39:53 -0400
Processing by SessionsController#new as HTML
  [1m[36mUser Load (0.2ms)[0m  [1m[34mSELECT "users".* FROM "users" WHERE "users"."session_token" IS NULL LIMIT $1[0m  [["LIMIT", 1]]
  ↳ app/controllers/application_controller.rb:6:in `current_user'
  Rendering layout layouts/application.html.erb
  Rendering sessions/new.html.erb within layouts/application
  Rendered sessions/new.html.erb within layouts/application (Duration: 0.3ms | Allocations: 164)
  Rendered layout layouts/application.html.erb (Duration: 19.9ms | Allocations: 3257)
Completed 200 OK in 24ms (Views: 21.5ms | ActiveRecord: 0.2ms | Allocations: 5090)


Started GET "/" for ::1 at 2023-04-18 16:42:27 -0400
Processing by Rails::WelcomeController#index as HTML
  Rendering /Users/amirlamrabat/.rbenv/versions/3.1.1/lib/ruby/gems/3.1.0/gems/railties-7.0.4.3/lib/rails/templates/rails/welcome/index.html.erb
  Rendered /Users/amirlamrabat/.rbenv/versions/3.1.1/lib/ruby/gems/3.1.0/gems/railties-7.0.4.3/lib/rails/templates/rails/welcome/index.html.erb (Duration: 24.4ms | Allocations: 277)
Completed 200 OK in 36ms (Views: 28.6ms | ActiveRecord: 0.0ms | Allocations: 873)


Started GET "/session/new" for ::1 at 2023-04-18 16:42:34 -0400
Processing by SessionsController#new as HTML
  [1m[36mUser Load (0.3ms)[0m  [1m[34mSELECT "users".* FROM "users" WHERE "users"."session_token" IS NULL LIMIT $1[0m  [["LIMIT", 1]]
  ↳ app/controllers/application_controller.rb:6:in `current_user'
  Rendering layout layouts/application.html.erb
  Rendering sessions/new.html.erb within layouts/application
  Rendered sessions/new.html.erb within layouts/application (Duration: 1.7ms | Allocations: 160)
  [1m[36mCACHE User Load (0.0ms)[0m  [1m[34mSELECT "users".* FROM "users" WHERE "users"."session_token" IS NULL LIMIT $1[0m  [["LIMIT", 1]]
  ↳ app/controllers/application_controller.rb:6:in `current_user'
  Rendered layout layouts/application.html.erb (Duration: 12.3ms | Allocations: 2417)
Completed 200 OK in 30ms (Views: 15.7ms | ActiveRecord: 0.3ms | Allocations: 4160)


Started GET "/session/new" for ::1 at 2023-04-18 16:42:36 -0400
Processing by SessionsController#new as HTML
  [1m[36mUser Load (0.5ms)[0m  [1m[34mSELECT "users".* FROM "users" WHERE "users"."session_token" IS NULL LIMIT $1[0m  [["LIMIT", 1]]
  ↳ app/controllers/application_controller.rb:6:in `current_user'
  Rendering layout layouts/application.html.erb
  Rendering sessions/new.html.erb within layouts/application
  Rendered sessions/new.html.erb within layouts/application (Duration: 0.1ms | Allocations: 9)
  [1m[36mCACHE User Load (0.0ms)[0m  [1m[34mSELECT "users".* FROM "users" WHERE "users"."session_token" IS NULL LIMIT $1[0m  [["LIMIT", 1]]
  ↳ app/controllers/application_controller.rb:6:in `current_user'
  Rendered layout layouts/application.html.erb (Duration: 3.7ms | Allocations: 1597)
Completed 200 OK in 8ms (Views: 4.4ms | ActiveRecord: 0.5ms | Allocations: 2807)


Started GET "/users/new" for ::1 at 2023-04-18 16:42:37 -0400
Processing by UsersController#new as HTML
  Rendering layout layouts/application.html.erb
  Rendering users/new.html.erb within layouts/application
  Rendered users/new.html.erb within layouts/application (Duration: 0.3ms | Allocations: 96)
  [1m[36mUser Load (0.2ms)[0m  [1m[34mSELECT "users".* FROM "users" WHERE "users"."session_token" IS NULL LIMIT $1[0m  [["LIMIT", 1]]
  ↳ app/controllers/application_controller.rb:6:in `current_user'
  Rendered layout layouts/application.html.erb (Duration: 5.1ms | Allocations: 2484)
Completed 200 OK in 7ms (Views: 6.2ms | ActiveRecord: 0.2ms | Allocations: 3139)


Started GET "/users/new" for ::1 at 2023-04-18 16:42:38 -0400
Processing by UsersController#new as HTML
  Rendering layout layouts/application.html.erb
  Rendering users/new.html.erb within layouts/application
  Rendered users/new.html.erb within layouts/application (Duration: 0.0ms | Allocations: 7)
  [1m[36mUser Load (0.2ms)[0m  [1m[34mSELECT "users".* FROM "users" WHERE "users"."session_token" IS NULL LIMIT $1[0m  [["LIMIT", 1]]
  ↳ app/controllers/application_controller.rb:6:in `current_user'
  Rendered layout layouts/application.html.erb (Duration: 4.4ms | Allocations: 1968)
Completed 200 OK in 5ms (Views: 4.7ms | ActiveRecord: 0.2ms | Allocations: 2208)


Started GET "/session/new" for ::1 at 2023-04-18 16:42:40 -0400
Processing by SessionsController#new as HTML
  [1m[36mUser Load (0.2ms)[0m  [1m[34mSELECT "users".* FROM "users" WHERE "users"."session_token" IS NULL LIMIT $1[0m  [["LIMIT", 1]]
  ↳ app/controllers/application_controller.rb:6:in `current_user'
  Rendering layout layouts/application.html.erb
  Rendering sessions/new.html.erb within layouts/application
  Rendered sessions/new.html.erb within layouts/application (Duration: 0.0ms | Allocations: 9)
  [1m[36mCACHE User Load (0.0ms)[0m  [1m[34mSELECT "users".* FROM "users" WHERE "users"."session_token" IS NULL LIMIT $1[0m  [["LIMIT", 1]]
  ↳ app/controllers/application_controller.rb:6:in `current_user'
  Rendered layout layouts/application.html.erb (Duration: 2.8ms | Allocations: 1598)
Completed 200 OK in 6ms (Views: 3.2ms | ActiveRecord: 0.2ms | Allocations: 2739)


Started GET "/users/new" for ::1 at 2023-04-18 16:42:41 -0400
Processing by UsersController#new as HTML
  Rendering layout layouts/application.html.erb
  Rendering users/new.html.erb within layouts/application
  Rendered users/new.html.erb within layouts/application (Duration: 0.0ms | Allocations: 7)
  [1m[36mUser Load (0.9ms)[0m  [1m[34mSELECT "users".* FROM "users" WHERE "users"."session_token" IS NULL LIMIT $1[0m  [["LIMIT", 1]]
  ↳ app/controllers/application_controller.rb:6:in `current_user'
  Rendered layout layouts/application.html.erb (Duration: 5.7ms | Allocations: 1950)
Completed 200 OK in 6ms (Views: 5.2ms | ActiveRecord: 0.9ms | Allocations: 2169)


Started GET "/session/new" for ::1 at 2023-04-18 16:42:42 -0400
Processing by SessionsController#new as HTML
  [1m[36mUser Load (0.4ms)[0m  [1m[34mSELECT "users".* FROM "users" WHERE "users"."session_token" IS NULL LIMIT $1[0m  [["LIMIT", 1]]
  ↳ app/controllers/application_controller.rb:6:in `current_user'
  Rendering layout layouts/application.html.erb
  Rendering sessions/new.html.erb within layouts/application
  Rendered sessions/new.html.erb within layouts/application (Duration: 0.1ms | Allocations: 9)
  [1m[36mCACHE User Load (0.0ms)[0m  [1m[34mSELECT "users".* FROM "users" WHERE "users"."session_token" IS NULL LIMIT $1[0m  [["LIMIT", 1]]
  ↳ app/controllers/application_controller.rb:6:in `current_user'
  Rendered layout layouts/application.html.erb (Duration: 5.2ms | Allocations: 1596)
Completed 200 OK in 9ms (Views: 5.6ms | ActiveRecord: 0.5ms | Allocations: 2752)


Started GET "/session/new" for ::1 at 2023-04-18 16:46:22 -0400
Processing by SessionsController#new as HTML
  [1m[36mUser Load (0.2ms)[0m  [1m[34mSELECT "users".* FROM "users" WHERE "users"."session_token" IS NULL LIMIT $1[0m  [["LIMIT", 1]]
  ↳ app/controllers/application_controller.rb:6:in `current_user'
  Rendering layout layouts/application.html.erb
  Rendering sessions/new.html.erb within layouts/application
  Rendered sessions/new.html.erb within layouts/application (Duration: 0.8ms | Allocations: 161)
  [1m[36mCACHE User Load (0.0ms)[0m  [1m[34mSELECT "users".* FROM "users" WHERE "users"."session_token" IS NULL LIMIT $1[0m  [["LIMIT", 1]]
  ↳ app/controllers/application_controller.rb:6:in `current_user'
  Rendered layout layouts/application.html.erb (Duration: 17.1ms | Allocations: 4091)
Completed 200 OK in 22ms (Views: 19.6ms | ActiveRecord: 0.3ms | Allocations: 5696)


Started GET "/session/new" for ::1 at 2023-04-18 16:46:34 -0400
Processing by SessionsController#new as HTML
  [1m[36mUser Load (0.2ms)[0m  [1m[34mSELECT "users".* FROM "users" WHERE "users"."session_token" IS NULL LIMIT $1[0m  [["LIMIT", 1]]
  ↳ app/controllers/application_controller.rb:6:in `current_user'
  Rendering layout layouts/application.html.erb
  Rendering sessions/new.html.erb within layouts/application
  Rendered sessions/new.html.erb within layouts/application (Duration: 0.3ms | Allocations: 161)
  [1m[36mCACHE User Load (0.0ms)[0m  [1m[34mSELECT "users".* FROM "users" WHERE "users"."session_token" IS NULL LIMIT $1[0m  [["LIMIT", 1]]
  ↳ app/controllers/application_controller.rb:6:in `current_user'
  Rendered layout layouts/application.html.erb (Duration: 3.5ms | Allocations: 2362)
Completed 200 OK in 8ms (Views: 5.3ms | ActiveRecord: 0.2ms | Allocations: 4045)


Started GET "/session/new" for ::1 at 2023-04-18 16:47:59 -0400
Processing by SessionsController#new as HTML
  [1m[36mUser Load (0.1ms)[0m  [1m[34mSELECT "users".* FROM "users" WHERE "users"."session_token" IS NULL LIMIT $1[0m  [["LIMIT", 1]]
  ↳ app/controllers/application_controller.rb:6:in `current_user'
  Rendering layout layouts/application.html.erb
  Rendering sessions/new.html.erb within layouts/application
  Rendered sessions/new.html.erb within layouts/application (Duration: 0.9ms | Allocations: 164)
  [1m[36mCACHE User Load (0.0ms)[0m  [1m[34mSELECT "users".* FROM "users" WHERE "users"."session_token" IS NULL LIMIT $1[0m  [["LIMIT", 1]]
  ↳ app/controllers/application_controller.rb:6:in `current_user'
  Rendered layout layouts/application.html.erb (Duration: 7.5ms | Allocations: 2372)
Completed 200 OK in 11ms (Views: 9.0ms | ActiveRecord: 0.2ms | Allocations: 4074)


Started GET "/session/new" for ::1 at 2023-04-18 16:49:14 -0400
Processing by SessionsController#new as HTML
  [1m[36mUser Load (0.5ms)[0m  [1m[34mSELECT "users".* FROM "users" WHERE "users"."session_token" IS NULL LIMIT $1[0m  [["LIMIT", 1]]
  ↳ app/controllers/application_controller.rb:6:in `current_user'
  Rendering layout layouts/application.html.erb
  Rendering sessions/new.html.erb within layouts/application
  Rendered sessions/new.html.erb within layouts/application (Duration: 0.1ms | Allocations: 9)
  [1m[36mCACHE User Load (0.0ms)[0m  [1m[34mSELECT "users".* FROM "users" WHERE "users"."session_token" IS NULL LIMIT $1[0m  [["LIMIT", 1]]
  ↳ app/controllers/application_controller.rb:6:in `current_user'
  Rendered layout layouts/application.html.erb (Duration: 8.7ms | Allocations: 3024)
Completed 200 OK in 11ms (Views: 9.1ms | ActiveRecord: 0.5ms | Allocations: 4234)


Started GET "/session/new" for ::1 at 2023-04-18 16:49:16 -0400
Processing by SessionsController#new as HTML
  [1m[36mUser Load (0.2ms)[0m  [1m[34mSELECT "users".* FROM "users" WHERE "users"."session_token" IS NULL LIMIT $1[0m  [["LIMIT", 1]]
  ↳ app/controllers/application_controller.rb:6:in `current_user'
  Rendering layout layouts/application.html.erb
  Rendering sessions/new.html.erb within layouts/application
  Rendered sessions/new.html.erb within layouts/application (Duration: 0.0ms | Allocations: 9)
  [1m[36mCACHE User Load (0.0ms)[0m  [1m[34mSELECT "users".* FROM "users" WHERE "users"."session_token" IS NULL LIMIT $1[0m  [["LIMIT", 1]]
  ↳ app/controllers/application_controller.rb:6:in `current_user'
  Rendered layout layouts/application.html.erb (Duration: 3.0ms | Allocations: 1601)
Completed 200 OK in 5ms (Views: 3.4ms | ActiveRecord: 0.2ms | Allocations: 2731)


Started GET "/session/new" for ::1 at 2023-04-18 16:49:36 -0400
Processing by SessionsController#new as HTML
  [1m[36mUser Load (0.3ms)[0m  [1m[34mSELECT "users".* FROM "users" WHERE "users"."session_token" IS NULL LIMIT $1[0m  [["LIMIT", 1]]
  ↳ app/controllers/application_controller.rb:6:in `current_user'
  Rendering layout layouts/application.html.erb
  Rendering sessions/new.html.erb within layouts/application
  Rendered sessions/new.html.erb within layouts/application (Duration: 0.0ms | Allocations: 9)
  [1m[36mCACHE User Load (0.1ms)[0m  [1m[34mSELECT "users".* FROM "users" WHERE "users"."session_token" IS NULL LIMIT $1[0m  [["LIMIT", 1]]
  ↳ app/controllers/application_controller.rb:6:in `current_user'
  Rendered layout layouts/application.html.erb (Duration: 6.9ms | Allocations: 2933)
Completed 200 OK in 9ms (Views: 7.2ms | ActiveRecord: 0.3ms | Allocations: 4071)


Started GET "/session/new" for ::1 at 2023-04-18 16:49:44 -0400
Processing by SessionsController#new as HTML
  [1m[36mUser Load (0.3ms)[0m  [1m[34mSELECT "users".* FROM "users" WHERE "users"."session_token" IS NULL LIMIT $1[0m  [["LIMIT", 1]]
  ↳ app/controllers/application_controller.rb:6:in `current_user'
  Rendering layout layouts/application.html.erb
  Rendering sessions/new.html.erb within layouts/application
  Rendered sessions/new.html.erb within layouts/application (Duration: 0.0ms | Allocations: 9)
  [1m[36mCACHE User Load (0.0ms)[0m  [1m[34mSELECT "users".* FROM "users" WHERE "users"."session_token" IS NULL LIMIT $1[0m  [["LIMIT", 1]]
  ↳ app/controllers/application_controller.rb:6:in `current_user'
  Rendered layout layouts/application.html.erb (Duration: 11.1ms | Allocations: 2930)
Completed 200 OK in 15ms (Views: 11.7ms | ActiveRecord: 0.3ms | Allocations: 4053)


Started GET "/session/new" for ::1 at 2023-04-18 16:49:52 -0400
Processing by SessionsController#new as HTML
  [1m[36mUser Load (0.2ms)[0m  [1m[34mSELECT "users".* FROM "users" WHERE "users"."session_token" IS NULL LIMIT $1[0m  [["LIMIT", 1]]
  ↳ app/controllers/application_controller.rb:6:in `current_user'
  Rendering layout layouts/application.html.erb
  Rendering sessions/new.html.erb within layouts/application
  Rendered sessions/new.html.erb within layouts/application (Duration: 0.0ms | Allocations: 9)
  [1m[36mCACHE User Load (0.0ms)[0m  [1m[34mSELECT "users".* FROM "users" WHERE "users"."session_token" IS NULL LIMIT $1[0m  [["LIMIT", 1]]
  ↳ app/controllers/application_controller.rb:6:in `current_user'
  Rendered layout layouts/application.html.erb (Duration: 16.6ms | Allocations: 2930)
Completed 200 OK in 20ms (Views: 17.2ms | ActiveRecord: 0.2ms | Allocations: 4074)


Started GET "/session/new" for ::1 at 2023-04-18 16:49:58 -0400
Processing by SessionsController#new as HTML
  [1m[36mUser Load (0.3ms)[0m  [1m[34mSELECT "users".* FROM "users" WHERE "users"."session_token" IS NULL LIMIT $1[0m  [["LIMIT", 1]]
  ↳ app/controllers/application_controller.rb:6:in `current_user'
  Rendering layout layouts/application.html.erb
  Rendering sessions/new.html.erb within layouts/application
  Rendered sessions/new.html.erb within layouts/application (Duration: 0.0ms | Allocations: 9)
  [1m[36mCACHE User Load (0.0ms)[0m  [1m[34mSELECT "users".* FROM "users" WHERE "users"."session_token" IS NULL LIMIT $1[0m  [["LIMIT", 1]]
  ↳ app/controllers/application_controller.rb:6:in `current_user'
  Rendered layout layouts/application.html.erb (Duration: 9.0ms | Allocations: 2935)
Completed 200 OK in 13ms (Views: 9.9ms | ActiveRecord: 0.3ms | Allocations: 4067)


Started GET "/session/new" for ::1 at 2023-04-18 16:50:12 -0400
Processing by SessionsController#new as HTML
  [1m[36mUser Load (0.8ms)[0m  [1m[34mSELECT "users".* FROM "users" WHERE "users"."session_token" IS NULL LIMIT $1[0m  [["LIMIT", 1]]
  ↳ app/controllers/application_controller.rb:6:in `current_user'
  Rendering layout layouts/application.html.erb
  Rendering sessions/new.html.erb within layouts/application
  Rendered sessions/new.html.erb within layouts/application (Duration: 0.1ms | Allocations: 9)
  [1m[36mCACHE User Load (0.0ms)[0m  [1m[34mSELECT "users".* FROM "users" WHERE "users"."session_token" IS NULL LIMIT $1[0m  [["LIMIT", 1]]
  ↳ app/controllers/application_controller.rb:6:in `current_user'
  Rendered layout layouts/application.html.erb (Duration: 15.3ms | Allocations: 2934)
Completed 200 OK in 23ms (Views: 15.7ms | ActiveRecord: 0.9ms | Allocations: 4060)


Started GET "/session/new" for ::1 at 2023-04-18 16:50:21 -0400
Processing by SessionsController#new as HTML
  [1m[36mUser Load (0.4ms)[0m  [1m[34mSELECT "users".* FROM "users" WHERE "users"."session_token" IS NULL LIMIT $1[0m  [["LIMIT", 1]]
  ↳ app/controllers/application_controller.rb:6:in `current_user'
  Rendering layout layouts/application.html.erb
  Rendering sessions/new.html.erb within layouts/application
  Rendered sessions/new.html.erb within layouts/application (Duration: 0.1ms | Allocations: 9)
  [1m[36mCACHE User Load (0.0ms)[0m  [1m[34mSELECT "users".* FROM "users" WHERE "users"."session_token" IS NULL LIMIT $1[0m  [["LIMIT", 1]]
  ↳ app/controllers/application_controller.rb:6:in `current_user'
  Rendered layout layouts/application.html.erb (Duration: 10.1ms | Allocations: 2931)
Completed 200 OK in 15ms (Views: 11.5ms | ActiveRecord: 0.4ms | Allocations: 4072)


Started GET "/session/new" for ::1 at 2023-04-18 16:50:43 -0400
Processing by SessionsController#new as HTML
  [1m[36mUser Load (1.4ms)[0m  [1m[34mSELECT "users".* FROM "users" WHERE "users"."session_token" IS NULL LIMIT $1[0m  [["LIMIT", 1]]
  ↳ app/controllers/application_controller.rb:6:in `current_user'
  Rendering layout layouts/application.html.erb
  Rendering sessions/new.html.erb within layouts/application
  Rendered sessions/new.html.erb within layouts/application (Duration: 0.0ms | Allocations: 9)
  [1m[36mCACHE User Load (0.0ms)[0m  [1m[34mSELECT "users".* FROM "users" WHERE "users"."session_token" IS NULL LIMIT $1[0m  [["LIMIT", 1]]
  ↳ app/controllers/application_controller.rb:6:in `current_user'
  Rendered layout layouts/application.html.erb (Duration: 10.8ms | Allocations: 2933)
Completed 200 OK in 18ms (Views: 11.6ms | ActiveRecord: 1.4ms | Allocations: 4071)


Started GET "/session/new" for ::1 at 2023-04-18 16:50:44 -0400
Processing by SessionsController#new as HTML
  [1m[36mUser Load (0.3ms)[0m  [1m[34mSELECT "users".* FROM "users" WHERE "users"."session_token" IS NULL LIMIT $1[0m  [["LIMIT", 1]]
  ↳ app/controllers/application_controller.rb:6:in `current_user'
  Rendering layout layouts/application.html.erb
  Rendering sessions/new.html.erb within layouts/application
  Rendered sessions/new.html.erb within layouts/application (Duration: 0.0ms | Allocations: 9)
  [1m[36mCACHE User Load (0.0ms)[0m  [1m[34mSELECT "users".* FROM "users" WHERE "users"."session_token" IS NULL LIMIT $1[0m  [["LIMIT", 1]]
  ↳ app/controllers/application_controller.rb:6:in `current_user'
  Rendered layout layouts/application.html.erb (Duration: 2.8ms | Allocations: 1601)
Completed 200 OK in 6ms (Views: 3.2ms | ActiveRecord: 0.3ms | Allocations: 2752)


Started GET "/session/new" for ::1 at 2023-04-18 16:51:22 -0400
Processing by SessionsController#new as HTML
  [1m[36mUser Load (0.1ms)[0m  [1m[34mSELECT "users".* FROM "users" WHERE "users"."session_token" IS NULL LIMIT $1[0m  [["LIMIT", 1]]
  ↳ app/controllers/application_controller.rb:6:in `current_user'
  Rendering layout layouts/application.html.erb
  Rendering sessions/new.html.erb within layouts/application
  Rendered sessions/new.html.erb within layouts/application (Duration: 0.1ms | Allocations: 9)
  [1m[36mCACHE User Load (0.0ms)[0m  [1m[34mSELECT "users".* FROM "users" WHERE "users"."session_token" IS NULL LIMIT $1[0m  [["LIMIT", 1]]
  ↳ app/controllers/application_controller.rb:6:in `current_user'
  Rendered layout layouts/application.html.erb (Duration: 8.1ms | Allocations: 2933)
Completed 200 OK in 11ms (Views: 9.0ms | ActiveRecord: 0.2ms | Allocations: 4059)


Started GET "/session/new" for ::1 at 2023-04-18 16:52:06 -0400
Processing by SessionsController#new as HTML
  [1m[36mUser Load (0.5ms)[0m  [1m[34mSELECT "users".* FROM "users" WHERE "users"."session_token" IS NULL LIMIT $1[0m  [["LIMIT", 1]]
  ↳ app/controllers/application_controller.rb:6:in `current_user'
  Rendering layout layouts/application.html.erb
  Rendering sessions/new.html.erb within layouts/application
  Rendered sessions/new.html.erb within layouts/application (Duration: 1.0ms | Allocations: 166)
  [1m[36mCACHE User Load (0.0ms)[0m  [1m[34mSELECT "users".* FROM "users" WHERE "users"."session_token" IS NULL LIMIT $1[0m  [["LIMIT", 1]]
  ↳ app/controllers/application_controller.rb:6:in `current_user'
  Rendered layout layouts/application.html.erb (Duration: 7.4ms | Allocations: 2373)
Completed 200 OK in 12ms (Views: 9.5ms | ActiveRecord: 0.5ms | Allocations: 3988)


Started GET "/session/new" for ::1 at 2023-04-18 16:52:38 -0400
Processing by SessionsController#new as HTML
  [1m[36mUser Load (0.2ms)[0m  [1m[34mSELECT "users".* FROM "users" WHERE "users"."session_token" IS NULL LIMIT $1[0m  [["LIMIT", 1]]
  ↳ app/controllers/application_controller.rb:6:in `current_user'
  Rendering layout layouts/application.html.erb
  Rendering sessions/new.html.erb within layouts/application
  Rendered sessions/new.html.erb within layouts/application (Duration: 0.0ms | Allocations: 9)
  [1m[36mCACHE User Load (0.2ms)[0m  [1m[34mSELECT "users".* FROM "users" WHERE "users"."session_token" IS NULL LIMIT $1[0m  [["LIMIT", 1]]
  ↳ app/controllers/application_controller.rb:6:in `current_user'
  Rendered layout layouts/application.html.erb (Duration: 3.9ms | Allocations: 1596)
Completed 200 OK in 7ms (Views: 4.1ms | ActiveRecord: 0.4ms | Allocations: 2803)


Started GET "/users/new" for ::1 at 2023-04-18 16:52:39 -0400
Processing by UsersController#new as HTML
  Rendering layout layouts/application.html.erb
  Rendering users/new.html.erb within layouts/application
  Rendered users/new.html.erb within layouts/application (Duration: 0.4ms | Allocations: 95)
  [1m[36mUser Load (0.4ms)[0m  [1m[34mSELECT "users".* FROM "users" WHERE "users"."session_token" IS NULL LIMIT $1[0m  [["LIMIT", 1]]
  ↳ app/controllers/application_controller.rb:6:in `current_user'
  Rendered layout layouts/application.html.erb (Duration: 6.5ms | Allocations: 2465)
Completed 200 OK in 8ms (Views: 7.3ms | ActiveRecord: 0.4ms | Allocations: 2985)


Started GET "/session/new" for ::1 at 2023-04-18 16:52:39 -0400
Processing by SessionsController#new as HTML
  [1m[36mUser Load (0.1ms)[0m  [1m[34mSELECT "users".* FROM "users" WHERE "users"."session_token" IS NULL LIMIT $1[0m  [["LIMIT", 1]]
  ↳ app/controllers/application_controller.rb:6:in `current_user'
  Rendering layout layouts/application.html.erb
  Rendering sessions/new.html.erb within layouts/application
  Rendered sessions/new.html.erb within layouts/application (Duration: 0.0ms | Allocations: 9)
  [1m[36mCACHE User Load (0.0ms)[0m  [1m[34mSELECT "users".* FROM "users" WHERE "users"."session_token" IS NULL LIMIT $1[0m  [["LIMIT", 1]]
  ↳ app/controllers/application_controller.rb:6:in `current_user'
  Rendered layout layouts/application.html.erb (Duration: 2.3ms | Allocations: 1597)
Completed 200 OK in 5ms (Views: 2.6ms | ActiveRecord: 0.1ms | Allocations: 2742)


Started GET "/session/new" for ::1 at 2023-04-18 16:52:42 -0400
Processing by SessionsController#new as HTML
  [1m[36mUser Load (0.1ms)[0m  [1m[34mSELECT "users".* FROM "users" WHERE "users"."session_token" IS NULL LIMIT $1[0m  [["LIMIT", 1]]
  ↳ app/controllers/application_controller.rb:6:in `current_user'
  Rendering layout layouts/application.html.erb
  Rendering sessions/new.html.erb within layouts/application
  Rendered sessions/new.html.erb within layouts/application (Duration: 0.0ms | Allocations: 9)
  [1m[36mCACHE User Load (0.0ms)[0m  [1m[34mSELECT "users".* FROM "users" WHERE "users"."session_token" IS NULL LIMIT $1[0m  [["LIMIT", 1]]
  ↳ app/controllers/application_controller.rb:6:in `current_user'
  Rendered layout layouts/application.html.erb (Duration: 2.8ms | Allocations: 1596)
Completed 200 OK in 5ms (Views: 3.1ms | ActiveRecord: 0.1ms | Allocations: 2740)


Started GET "/users/new" for ::1 at 2023-04-18 16:52:44 -0400
Processing by UsersController#new as HTML
  Rendering layout layouts/application.html.erb
  Rendering users/new.html.erb within layouts/application
  Rendered users/new.html.erb within layouts/application (Duration: 0.0ms | Allocations: 7)
  [1m[36mUser Load (0.1ms)[0m  [1m[34mSELECT "users".* FROM "users" WHERE "users"."session_token" IS NULL LIMIT $1[0m  [["LIMIT", 1]]
  ↳ app/controllers/application_controller.rb:6:in `current_user'
  Rendered layout layouts/application.html.erb (Duration: 3.5ms | Allocations: 1963)
Completed 200 OK in 4ms (Views: 3.8ms | ActiveRecord: 0.1ms | Allocations: 2185)


Started GET "/session/new" for ::1 at 2023-04-18 16:52:45 -0400
Processing by SessionsController#new as HTML
  [1m[36mUser Load (0.3ms)[0m  [1m[34mSELECT "users".* FROM "users" WHERE "users"."session_token" IS NULL LIMIT $1[0m  [["LIMIT", 1]]
  ↳ app/controllers/application_controller.rb:6:in `current_user'
  Rendering layout layouts/application.html.erb
  Rendering sessions/new.html.erb within layouts/application
  Rendered sessions/new.html.erb within layouts/application (Duration: 0.1ms | Allocations: 9)
  [1m[36mCACHE User Load (0.0ms)[0m  [1m[34mSELECT "users".* FROM "users" WHERE "users"."session_token" IS NULL LIMIT $1[0m  [["LIMIT", 1]]
  ↳ app/controllers/application_controller.rb:6:in `current_user'
  Rendered layout layouts/application.html.erb (Duration: 2.6ms | Allocations: 1596)
Completed 200 OK in 5ms (Views: 3.0ms | ActiveRecord: 0.4ms | Allocations: 2734)


Started GET "/session/new" for ::1 at 2023-04-18 16:56:29 -0400
Processing by SessionsController#new as HTML
  [1m[36mUser Load (0.1ms)[0m  [1m[34mSELECT "users".* FROM "users" WHERE "users"."session_token" IS NULL LIMIT $1[0m  [["LIMIT", 1]]
  ↳ app/controllers/application_controller.rb:6:in `current_user'
  Rendering layout layouts/application.html.erb
  Rendering sessions/new.html.erb within layouts/application
  Rendered sessions/new.html.erb within layouts/application (Duration: 0.0ms | Allocations: 9)
  [1m[36mCACHE User Load (0.0ms)[0m  [1m[34mSELECT "users".* FROM "users" WHERE "users"."session_token" IS NULL LIMIT $1[0m  [["LIMIT", 1]]
  ↳ app/controllers/application_controller.rb:6:in `current_user'
  Rendered layout layouts/application.html.erb (Duration: 6.9ms | Allocations: 1596)
Completed 200 OK in 9ms (Views: 7.2ms | ActiveRecord: 0.2ms | Allocations: 2731)


Started GET "/session/new" for ::1 at 2023-04-18 16:56:34 -0400
Processing by SessionsController#new as HTML
  [1m[36mUser Load (0.3ms)[0m  [1m[34mSELECT "users".* FROM "users" WHERE "users"."session_token" IS NULL LIMIT $1[0m  [["LIMIT", 1]]
  ↳ app/controllers/application_controller.rb:6:in `current_user'
  Rendering layout layouts/application.html.erb
  Rendering sessions/new.html.erb within layouts/application
  Rendered sessions/new.html.erb within layouts/application (Duration: 0.0ms | Allocations: 9)
  [1m[36mCACHE User Load (0.0ms)[0m  [1m[34mSELECT "users".* FROM "users" WHERE "users"."session_token" IS NULL LIMIT $1[0m  [["LIMIT", 1]]
  ↳ app/controllers/application_controller.rb:6:in `current_user'
  Rendered layout layouts/application.html.erb (Duration: 2.8ms | Allocations: 1596)
Completed 200 OK in 6ms (Views: 3.1ms | ActiveRecord: 0.3ms | Allocations: 2731)


Started GET "/users/new" for ::1 at 2023-04-18 16:56:35 -0400
Processing by UsersController#new as HTML
  Rendering layout layouts/application.html.erb
  Rendering users/new.html.erb within layouts/application
  Rendered users/new.html.erb within layouts/application (Duration: 0.0ms | Allocations: 7)
  [1m[36mUser Load (0.3ms)[0m  [1m[34mSELECT "users".* FROM "users" WHERE "users"."session_token" IS NULL LIMIT $1[0m  [["LIMIT", 1]]
  ↳ app/controllers/application_controller.rb:6:in `current_user'
  Rendered layout layouts/application.html.erb (Duration: 5.0ms | Allocations: 1935)
Completed 200 OK in 6ms (Views: 5.1ms | ActiveRecord: 0.3ms | Allocations: 2154)


Started GET "/session/new" for ::1 at 2023-04-18 16:56:38 -0400
Processing by SessionsController#new as HTML
  [1m[36mUser Load (0.2ms)[0m  [1m[34mSELECT "users".* FROM "users" WHERE "users"."session_token" IS NULL LIMIT $1[0m  [["LIMIT", 1]]
  ↳ app/controllers/application_controller.rb:6:in `current_user'
  Rendering layout layouts/application.html.erb
  Rendering sessions/new.html.erb within layouts/application
  Rendered sessions/new.html.erb within layouts/application (Duration: 0.0ms | Allocations: 9)
  [1m[36mCACHE User Load (0.0ms)[0m  [1m[34mSELECT "users".* FROM "users" WHERE "users"."session_token" IS NULL LIMIT $1[0m  [["LIMIT", 1]]
  ↳ app/controllers/application_controller.rb:6:in `current_user'
  Rendered layout layouts/application.html.erb (Duration: 2.5ms | Allocations: 1596)
Completed 200 OK in 5ms (Views: 3.1ms | ActiveRecord: 0.2ms | Allocations: 2746)


